<?xml version="1.0" encoding="UTF-8"?>
<testng-results ignored="0" total="4" passed="4" failed="0" skipped="0">
  <reporter-output>
  </reporter-output>
  <suite started-at="2025-03-22T02:39:50 IST" name="Default suite" finished-at="2025-03-22T02:40:42 IST" duration-ms="51082">
    <groups>
      <group name="cucumber">
        <method signature="AbstractTestNGCucumberTests.runScenario(io.cucumber.testng.PickleWrapper,io.cucumber.testng.FeatureWrapper)[pri:0, instance:runners.TestRunner@561b6512]" name="runScenario" class="io.cucumber.testng.AbstractTestNGCucumberTests"/>
      </group> <!-- cucumber -->
    </groups>
    <test started-at="2025-03-22T02:39:50 IST" name="Default test" finished-at="2025-03-22T02:40:42 IST" duration-ms="51082">
      <class name="runners.TestRunner">
        <test-method is-config="true" signature="setUpClass(org.testng.ITestContext)[pri:0, instance:runners.TestRunner@561b6512]" started-at="2025-03-22T02:39:51 IST" name="setUpClass" finished-at="2025-03-22T02:39:51 IST" duration-ms="682" status="PASS">
          <params>
            <param index="0">
              <value>
                <![CDATA[org.testng.TestRunner@37df14d1]]>
              </value>
            </param>
          </params>
          <reporter-output>
          </reporter-output>
        </test-method> <!-- setUpClass -->
        <test-method signature="runScenario(io.cucumber.testng.PickleWrapper,io.cucumber.testng.FeatureWrapper)[pri:0, instance:runners.TestRunner@561b6512]" started-at="2025-03-22T02:39:51 IST" name="runScenario" description="Runs Cucumber Scenarios" data-provider="scenarios" finished-at="2025-03-22T02:40:11 IST" duration-ms="19286" status="PASS">
          <params>
            <param index="0">
              <value>
                <![CDATA["Verify Home Page Sections"]]>
              </value>
            </param>
            <param index="1">
              <value>
                <![CDATA["Optional[Urban Ladder Website Testing]"]]>
              </value>
            </param>
          </params>
          <reporter-output>
          </reporter-output>
        </test-method> <!-- runScenario -->
        <test-method signature="runScenario(io.cucumber.testng.PickleWrapper,io.cucumber.testng.FeatureWrapper)[pri:0, instance:runners.TestRunner@561b6512]" started-at="2025-03-22T02:40:11 IST" name="runScenario" description="Runs Cucumber Scenarios" data-provider="scenarios" finished-at="2025-03-22T02:40:25 IST" duration-ms="14235" status="PASS">
          <params>
            <param index="0">
              <value>
                <![CDATA["Search for a product"]]>
              </value>
            </param>
            <param index="1">
              <value>
                <![CDATA["Optional[Urban Ladder Website Testing]"]]>
              </value>
            </param>
          </params>
          <reporter-output>
          </reporter-output>
        </test-method> <!-- runScenario -->
        <test-method signature="runScenario(io.cucumber.testng.PickleWrapper,io.cucumber.testng.FeatureWrapper)[pri:0, instance:runners.TestRunner@561b6512]" started-at="2025-03-22T02:40:25 IST" name="runScenario" description="Runs Cucumber Scenarios" data-provider="scenarios" finished-at="2025-03-22T02:40:33 IST" duration-ms="8344" status="PASS">
          <params>
            <param index="0">
              <value>
                <![CDATA["Product Details Page"]]>
              </value>
            </param>
            <param index="1">
              <value>
                <![CDATA["Optional[Urban Ladder Website Testing]"]]>
              </value>
            </param>
          </params>
          <reporter-output>
          </reporter-output>
        </test-method> <!-- runScenario -->
        <test-method signature="runScenario(io.cucumber.testng.PickleWrapper,io.cucumber.testng.FeatureWrapper)[pri:0, instance:runners.TestRunner@561b6512]" started-at="2025-03-22T02:40:33 IST" name="runScenario" description="Runs Cucumber Scenarios" data-provider="scenarios" finished-at="2025-03-22T02:40:41 IST" duration-ms="7537" status="PASS">
          <params>
            <param index="0">
              <value>
                <![CDATA["User Registration and Login"]]>
              </value>
            </param>
            <param index="1">
              <value>
                <![CDATA["Optional[Urban Ladder Website Testing]"]]>
              </value>
            </param>
          </params>
          <reporter-output>
          </reporter-output>
        </test-method> <!-- runScenario -->
        <test-method is-config="true" signature="tearDownClass()[pri:0, instance:runners.TestRunner@561b6512]" started-at="2025-03-22T02:40:41 IST" name="tearDownClass" finished-at="2025-03-22T02:40:42 IST" duration-ms="820" status="PASS">
          <reporter-output>
          </reporter-output>
        </test-method> <!-- tearDownClass -->
      </class> <!-- runners.TestRunner -->
    </test> <!-- Default test -->
  </suite> <!-- Default suite -->
</testng-results>
