# JRE version: Java(TM) SE Runtime Environment (21.0.6+8) (build 21.0.6+8-LTS-188)
# Java VM: Java HotSpot(TM) 64-Bit Server VM (21.0.6+8-LTS-188, mixed mode, sharing, tiered, compressed oops, compressed class ptrs, g1 gc, windows-amd64)
GC Precious Log:
 CardTable entry size: 512
 Card Set container configuration: InlinePtr #cards 5 size 8 Array Of Cards #cards 12 size 40 Howl #buckets 4 coarsen threshold 1843 Howl Bitmap #cards 512 size 80 coarsen threshold 460 Card regions per heap region 1 cards per card region 2048
 CPUs: 4 total, 4 available
 Memory: 3921M
 Large Page Support: Disabled
 NUMA Support: Disabled
 Compressed Oops: Enabled (32-bit)
 Heap Region Size: 1M
 Heap Min Capacity: 8M
 Heap Initial Capacity: 62M
 Heap Max Capacity: 982M
 Pre-touch: Disabled
 Parallel Workers: 4
 Concurrent Workers: 1
 Concurrent Refinement Workers: 4
 Periodic GC: Disabled
Heap:
 garbage-first heap   total 63488K, used 35022K [0x00000000c2a00000, 0x0000000100000000)
  region size 1024K, 20 young (20480K), 4 survivors (4096K)
 Metaspace       used 28198K, committed 28736K, reserved 1114112K
  class space    used 3378K, committed 3584K, reserved 1048576K
GC Heap History (12 events):
Event: 0.965 GC heap before
{Heap before GC invocations=0 (full 0):
 garbage-first heap   total 63488K, used 14336K [0x00000000c2a00000, 0x0000000100000000)
  region size 1024K, 13 young (13312K), 0 survivors (0K)
 Metaspace       used 2109K, committed 2240K, reserved 1114112K
  class space    used 187K, committed 256K, reserved 1048576K
}
Event: 0.974 GC heap after
{Heap after GC invocations=1 (full 0):
 garbage-first heap   total 63488K, used 7156K [0x00000000c2a00000, 0x0000000100000000)
  region size 1024K, 2 young (2048K), 2 survivors (2048K)
 Metaspace       used 2109K, committed 2240K, reserved 1114112K
  class space    used 187K, committed 256K, reserved 1048576K
}
Event: 1.900 GC heap before
{Heap before GC invocations=1 (full 0):
 garbage-first heap   total 63488K, used 18420K [0x00000000c2a00000, 0x0000000100000000)
  region size 1024K, 13 young (13312K), 2 survivors (2048K)
 Metaspace       used 7016K, committed 7296K, reserved 1114112K
  class space    used 775K, committed 896K, reserved 1048576K
}
Event: 1.903 GC heap after
{Heap after GC invocations=2 (full 0):
 garbage-first heap   total 63488K, used 8608K [0x00000000c2a00000, 0x0000000100000000)
  region size 1024K, 2 young (2048K), 2 survivors (2048K)
 Metaspace       used 7016K, committed 7296K, reserved 1114112K
  class space    used 775K, committed 896K, reserved 1048576K
}
Event: 2.503 GC heap before
{Heap before GC invocations=2 (full 0):
 garbage-first heap   total 63488K, used 34208K [0x00000000c2a00000, 0x0000000100000000)
  region size 1024K, 27 young (27648K), 2 survivors (2048K)
 Metaspace       used 12993K, committed 13376K, reserved 1114112K
  class space    used 1478K, committed 1664K, reserved 1048576K
}
Event: 2.509 GC heap after
{Heap after GC invocations=3 (full 0):
 garbage-first heap   total 63488K, used 10820K [0x00000000c2a00000, 0x0000000100000000)
  region size 1024K, 4 young (4096K), 4 survivors (4096K)
 Metaspace       used 12993K, committed 13376K, reserved 1114112K
  class space    used 1478K, committed 1664K, reserved 1048576K
}
Event: 3.575 GC heap before
{Heap before GC invocations=3 (full 0):
 garbage-first heap   total 63488K, used 42564K [0x00000000c2a00000, 0x0000000100000000)
  region size 1024K, 36 young (36864K), 4 survivors (4096K)
 Metaspace       used 19245K, committed 19648K, reserved 1114112K
  class space    used 2201K, committed 2368K, reserved 1048576K
}
Event: 3.604 GC heap after
{Heap after GC invocations=4 (full 0):
 garbage-first heap   total 63488K, used 16657K [0x00000000c2a00000, 0x0000000100000000)
  region size 1024K, 5 young (5120K), 5 survivors (5120K)
 Metaspace       used 19245K, committed 19648K, reserved 1114112K
  class space    used 2201K, committed 2368K, reserved 1048576K
}
Event: 3.956 GC heap before
{Heap before GC invocations=4 (full 0):
 garbage-first heap   total 63488K, used 26897K [0x00000000c2a00000, 0x0000000100000000)
  region size 1024K, 16 young (16384K), 5 survivors (5120K)
 Metaspace       used 21034K, committed 21504K, reserved 1114112K
  class space    used 2450K, committed 2688K, reserved 1048576K
}
Event: 3.976 GC heap after
{Heap after GC invocations=5 (full 0):
 garbage-first heap   total 63488K, used 19036K [0x00000000c2a00000, 0x0000000100000000)
  region size 1024K, 2 young (2048K), 2 survivors (2048K)
 Metaspace       used 21034K, committed 21504K, reserved 1114112K
  class space    used 2450K, committed 2688K, reserved 1048576K
}
Event: 45.505 GC heap before
{Heap before GC invocations=6 (full 0):
 garbage-first heap   total 63488K, used 45660K [0x00000000c2a00000, 0x0000000100000000)
  region size 1024K, 28 young (28672K), 2 survivors (2048K)
 Metaspace       used 27706K, committed 28224K, reserved 1114112K
  class space    used 3345K, committed 3584K, reserved 1048576K
}
Event: 45.634 GC heap after
{Heap after GC invocations=7 (full 0):
 garbage-first heap   total 63488K, used 20686K [0x00000000c2a00000, 0x0000000100000000)
  region size 1024K, 4 young (4096K), 4 survivors (4096K)
 Metaspace       used 27706K, committed 28224K, reserved 1114112K
  class space    used 3345K, committed 3584K, reserved 1048576K
}

